<?xml version="1.0" encoding="UTF-8"?>
<!-- Generated by org.testng.reporters.JUnitReportReporter -->
<testsuite hostname="M5-L-5464TL9" name="testng.TestNG1" tests="1" failures="0" timestamp="12 May 2016 08:31:55 GMT" time="12.733" errors="0">
  <testcase name="testSampleLoginApplication" time="12.733" classname="testng.TestNG1"/>
</testsuite> <!-- testng.TestNG1 -->
